2014-01-03 11:16:58,542 [MatchDayObserverActorSpec-akka.actor.default-dispatcher-4] INFO  akka.event.slf4j.Slf4jLogger - Slf4jLogger started
2014-01-03 11:17:13,638 [MatchDayObserverActorSpec-akka.actor.default-dispatcher-2] INFO  akka.event.slf4j.Slf4jLogger - Slf4jLogger started
2014-01-03 11:18:43,883 [MatchDayObserverActorSpec-akka.actor.default-dispatcher-2] INFO  akka.event.slf4j.Slf4jLogger - Slf4jLogger started
2014-01-03 11:38:55,931 [test-akka.actor.default-dispatcher-2] INFO  akka.event.slf4j.Slf4jLogger - Slf4jLogger started
2014-01-03 11:39:35,084 [MatchDayObserverActorSpec-akka.actor.default-dispatcher-3] INFO  akka.event.slf4j.Slf4jLogger - Slf4jLogger started
2014-01-03 11:39:35,112 [MatchDayObserverActorSpec-akka.actor.default-dispatcher-3] INFO  c.g.m.n.f.a.MatchDayObserverActor - Got 0 matches of which 0 are live
2014-01-03 16:17:11,280 [test-akka.actor.default-dispatcher-3] INFO  akka.event.slf4j.Slf4jLogger - Slf4jLogger started
2014-01-03 16:18:13,355 [MatchDayObserverActorSpec-akka.actor.default-dispatcher-2] INFO  akka.event.slf4j.Slf4jLogger - Slf4jLogger started
2014-01-03 16:18:13,383 [MatchDayObserverActorSpec-akka.actor.default-dispatcher-3] INFO  c.g.m.n.f.a.MatchDayObserverActor - Got 0 matches of which 0 are live
2014-01-03 16:18:22,807 [MatchDayObserverActorSpec-akka.actor.default-dispatcher-2] INFO  akka.event.slf4j.Slf4jLogger - Slf4jLogger started
2014-01-03 16:18:22,831 [MatchDayObserverActorSpec-akka.actor.default-dispatcher-2] INFO  c.g.m.n.f.a.MatchDayObserverActor - Got 0 matches of which 0 are live
2014-01-03 16:18:28,982 [test-akka.actor.default-dispatcher-2] INFO  akka.event.slf4j.Slf4jLogger - Slf4jLogger started
2014-01-03 16:21:02,833 [test-akka.actor.default-dispatcher-2] INFO  akka.event.slf4j.Slf4jLogger - Slf4jLogger started
2014-01-03 16:21:02,890 [MatchDayObserverActorSpec-akka.actor.default-dispatcher-2] INFO  c.g.m.n.f.a.MatchDayObserverActor - Got 0 matches of which 0 are live
2014-01-03 16:21:06,090 [test-akka.actor.default-dispatcher-2] INFO  akka.event.slf4j.Slf4jLogger - Slf4jLogger started
2014-01-03 16:21:07,746 [test-akka.actor.default-dispatcher-2] INFO  akka.event.slf4j.Slf4jLogger - Slf4jLogger started
2014-01-03 16:21:09,393 [test-akka.actor.default-dispatcher-2] INFO  akka.event.slf4j.Slf4jLogger - Slf4jLogger started
2014-01-03 16:21:10,872 [MatchDayObserverActorSpec-akka.actor.default-dispatcher-3] INFO  akka.event.slf4j.Slf4jLogger - Slf4jLogger started
2014-01-03 16:21:10,904 [MatchDayObserverActorSpec-akka.actor.default-dispatcher-3] INFO  c.g.m.n.f.a.MatchDayObserverActor - Got 0 matches of which 0 are live
2014-01-03 16:31:42,891 [MatchDayObserverActorSpec-akka.actor.default-dispatcher-3] INFO  akka.event.slf4j.Slf4jLogger - Slf4jLogger started
2014-01-03 16:31:42,932 [MatchDayObserverActorSpec-akka.actor.default-dispatcher-3] INFO  c.g.m.n.f.a.MatchDayObserverActor - Got 1 matches of which 1 are live
2014-01-03 16:31:42,934 [MatchDayObserverActorSpec-akka.actor.default-dispatcher-3] INFO  c.g.m.n.f.a.MatchDayObserverActor - Currently live: Manchester United vs Bolton Wanderers at 16:31
2014-01-03 16:31:42,937 [MatchDayObserverActorSpec-akka.actor.default-dispatcher-3] INFO  c.g.m.n.f.a.MatchDayObserverActor - Got 1 matches of which 1 are live
2014-01-03 16:31:42,937 [MatchDayObserverActorSpec-akka.actor.default-dispatcher-3] INFO  c.g.m.n.f.a.MatchDayObserverActor - Currently live: Manchester United vs Bolton Wanderers at 16:31
2014-01-03 16:31:42,980 [MatchDayObserverActorSpec-akka.actor.default-dispatcher-3] INFO  c.g.m.n.f.a.MatchDayObserverActor - Robert Berry scored for Manchester United at 10 minute
